<?xml version="1.0" encoding="UTF-8"?>
<!-- Generated by org.testng.reporters.JUnitReportReporter -->
<testsuite hostname="PGINDIA-ENG-412" failures="0" tests="1" name="Runners.Run" time="0.038" errors="0" timestamp="2023-05-06T11:44:42 IST" skipped="0">
  <testcase classname="Runners.Run" name="runScenario" time="0.038"/>
  <system-out/>
</testsuite> <!-- Runners.Run -->
